<?xml version="1.0" encoding="UTF-8"?>
<!-- Generated by org.testng.reporters.JUnitReportReporter -->
<testsuite hostname="LAPTOP-QMLJP549" name="script.ValidLogin" tests="1" failures="0" timestamp="2 Mar 2019 12:19:22 GMT" time="77.209" errors="0">
  <testcase name="testLogin" time="77.209" classname="script.ValidLogin"/>
</testsuite> <!-- script.ValidLogin -->
